2024-07-05 08:33:22,824 - log - INFO - User info for ndines: {'email': 'ndines@example.com', 'age': 30, 'mobile': '9123456789', 'gender': 'male', 'blood_group': 'B+', 'role': 'user'}
2024-07-05 08:33:22,825 - log - INFO - Admin kiran viewed user ndines: {'email': 'ndines@example.com', 'age': 30, 'mobile': '9123456789', 'gender': 'male', 'blood_group': 'B+', 'role': 'user'}
2024-07-05 08:33:22,826 - log - INFO - Admin nkiran listing all users
2024-07-05 08:33:22,826 - log - INFO - Admin nkiran listed all users: {'kiran': {'email': 'kiran@example.com', 'age': 25, 'mobile': '9876543210', 'gender': 'male', 'blood_group': 'A+', 'role': 'admin'}, 'ndines': {'email': 'ndines@example.com', 'age': 30, 'mobile': '9123456789', 'gender': 'male', 'blood_group': 'B+', 'role': 'user'}, 'nkiran': {'email': 'nkiran@example.com', 'age': 22, 'mobile': '9988776655', 'gender': 'female', 'blood_group': 'O+', 'role': 'admin'}}
2024-07-05 08:33:22,826 - log - INFO - User info for ndines: {'email': 'ndines@example.com', 'age': 30, 'mobile': '9123456789', 'gender': 'male', 'blood_group': 'B+', 'role': 'user'}
2024-07-05 08:33:22,826 - log - INFO - Normal user ndines viewed their information: {'email': 'ndines@example.com', 'age': 30, 'mobile': '9123456789', 'gender': 'male', 'blood_group': 'B+', 'role': 'user'}
2024-07-05 08:34:08,825 - log - INFO - User info for ndines: {'email': 'ndines@example.com', 'age': 30, 'mobile': '9123456789', 'gender': 'male', 'blood_group': 'B+', 'role': 'user'}
2024-07-05 08:34:08,826 - log - INFO - Admin kiran viewed user ndines: {'email': 'ndines@example.com', 'age': 30, 'mobile': '9123456789', 'gender': 'male', 'blood_group': 'B+', 'role': 'user'}
2024-07-05 08:34:08,826 - log - INFO - Admin nkiran listing all users
2024-07-05 08:34:08,826 - log - INFO - Admin nkiran listed all users: {'kiran': {'email': 'kiran@example.com', 'age': 25, 'mobile': '9876543210', 'gender': 'male', 'blood_group': 'A+', 'role': 'admin'}, 'ndines': {'email': 'ndines@example.com', 'age': 30, 'mobile': '9123456789', 'gender': 'male', 'blood_group': 'B+', 'role': 'user'}, 'nkiran': {'email': 'nkiran@example.com', 'age': 22, 'mobile': '9988776655', 'gender': 'female', 'blood_group': 'O+', 'role': 'admin'}}
2024-07-05 08:34:08,826 - log - ERROR - User ndines1 not found
2024-07-05 08:34:08,827 - log - CRITICAL - User not found
2024-07-05 08:34:47,246 - log - INFO - User info for ndines: {'email': 'ndines@example.com', 'age': 30, 'mobile': '9123456789', 'gender': 'male', 'blood_group': 'B+', 'role': 'user'}
2024-07-05 08:34:47,247 - log - INFO - Admin kiran viewed user ndines: {'email': 'ndines@example.com', 'age': 30, 'mobile': '9123456789', 'gender': 'male', 'blood_group': 'B+', 'role': 'user'}
2024-07-05 08:34:47,247 - log - INFO - Admin nkiran listing all users
2024-07-05 08:34:47,247 - log - INFO - Admin nkiran listed all users: {'kiran': {'email': 'kiran@example.com', 'age': 25, 'mobile': '9876543210', 'gender': 'male', 'blood_group': 'A+', 'role': 'admin'}, 'ndines': {'email': 'ndines@example.com', 'age': 30, 'mobile': '9123456789', 'gender': 'male', 'blood_group': 'B+', 'role': 'user'}, 'nkiran': {'email': 'nkiran@example.com', 'age': 22, 'mobile': '9988776655', 'gender': 'female', 'blood_group': 'O+', 'role': 'admin'}}
2024-07-05 08:34:47,247 - log - ERROR - User fake not found
2024-07-05 08:34:47,247 - log - CRITICAL - User not found
2024-07-05 08:36:18,532 - log - INFO - User info for ndines: {'email': 'ndines@example.com', 'age': 30, 'mobile': '9123456789', 'gender': 'male', 'blood_group': 'B+', 'role': 'user'}
2024-07-05 08:36:18,532 - log - INFO - Admin kiran viewed user ndines: {'email': 'ndines@example.com', 'age': 30, 'mobile': '9123456789', 'gender': 'male', 'blood_group': 'B+', 'role': 'user'}
2024-07-05 08:36:18,532 - log - INFO - Admin nkiran listing all users
2024-07-05 08:36:18,532 - log - INFO - Admin nkiran listed all users: {'kiran': {'email': 'kiran@example.com', 'age': 25, 'mobile': '9876543210', 'gender': 'male', 'blood_group': 'A+', 'role': 'admin'}, 'ndines': {'email': 'ndines@example.com', 'age': 30, 'mobile': '9123456789', 'gender': 'male', 'blood_group': 'B+', 'role': 'user'}, 'nkiran': {'email': 'nkiran@example.com', 'age': 22, 'mobile': '9988776655', 'gender': 'female', 'blood_group': 'O+', 'role': 'admin'}}
2024-07-05 08:36:18,533 - log - ERROR - User fake2 not found
2024-07-05 08:36:18,533 - log - CRITICAL - User not found
